<?xml version="1.0" encoding="UTF-8"?>
<!-- Generated by org.testng.reporters.JUnitReportReporter -->
<testsuite hostname="LAPTOP-B81G2UPP" failures="0" tests="3" name="training.selenium.selenium.Day3.TestNG_1" time="0.018" errors="0" timestamp="2021-10-08T08:52:42 IST" skipped="0">
  <testcase classname="training.selenium.selenium.Day3.TestNG_1" name="testMethod2" time="0.008"/>
  <system-out/>
  <testcase classname="training.selenium.selenium.Day3.TestNG_1" name="testMethod1" time="0.009"/>
  <system-out/>
  <testcase classname="training.selenium.selenium.Day3.TestNG_1" name="testMethod3" time="0.001"/>
  <system-out/>
</testsuite> <!-- training.selenium.selenium.Day3.TestNG_1 -->
