<?xml version="1.0" encoding="UTF-8"?>
<!-- Generated by org.testng.reporters.JUnitReportReporter -->
<testsuite hostname="LAPTOP-B81G2UPP" failures="0" tests="1" name="restAssuredDemo.RestAssuredAPICookies" time="3.201" errors="0" timestamp="2021-10-21T10:42:35 IST" skipped="0">
  <testcase classname="restAssuredDemo.RestAssuredAPICookies" name="main" time="3.201"/>
  <system-out/>
</testsuite> <!-- restAssuredDemo.RestAssuredAPICookies -->
