<?xml version="1.0" encoding="UTF-8"?>
<!-- Generated by org.testng.reporters.JUnitReportReporter -->
<testsuite hostname="LAPTOP-B81G2UPP" failures="0" tests="1" name="restAssuredDemo.RestAssuredAuthorizatioOAuth" time="1.949" errors="0" timestamp="2021-10-22T09:42:54 IST" skipped="0">
  <testcase classname="restAssuredDemo.RestAssuredAuthorizatioOAuth" name="main" time="1.949"/>
  <system-out/>
</testsuite> <!-- restAssuredDemo.RestAssuredAuthorizatioOAuth -->
