<?xml version="1.0" encoding="UTF-8"?>
<!-- Generated by org.testng.reporters.JUnitReportReporter -->
<testsuite hostname="LAPTOP-B81G2UPP" failures="0" tests="3" name="training.selenium.selenium.Day3.TestNG_DataProvider" time="0.008" errors="0" timestamp="2021-10-08T10:44:11 IST" skipped="0">
  <testcase classname="training.selenium.selenium.Day3.TestNG_DataProvider" name="testMethod2" time="0.001"/>
  <system-out/>
  <testcase classname="training.selenium.selenium.Day3.TestNG_DataProvider" name="testMethod3" time="0.001"/>
  <system-out/>
  <testcase classname="training.selenium.selenium.Day3.TestNG_DataProvider" name="testMethod2" time="0.006"/>
  <system-out/>
</testsuite> <!-- training.selenium.selenium.Day3.TestNG_DataProvider -->
