<?xml version="1.0" encoding="UTF-8"?>
<!-- Generated by org.testng.reporters.JUnitReportReporter -->
<testsuite hostname="DESKTOP-CP03IRC" failures="0" tests="1" name="pdfCompare.PDFValid" time="0.000" errors="0" timestamp="2021-11-30T08:50:33 PST" skipped="1">
  <testcase classname="pdfCompare.PDFValid" name="comparePDFTextImage" time="0.000">
    <skipped/>
  </testcase> <!-- comparePDFTextImage -->
  <system-out/>
</testsuite> <!-- pdfCompare.PDFValid -->
