<?xml version="1.0" encoding="UTF-8"?>
<!-- Generated by org.testng.reporters.JUnitReportReporter -->
<testsuite hostname="LAPTOP-B81G2UPP" failures="0" tests="1" name="restAssuredDemo.FirstRestAssuredAPIWithHeaderTestNg" time="6.418" errors="0" timestamp="2021-10-20T10:17:34 IST" skipped="0">
  <testcase classname="restAssuredDemo.FirstRestAssuredAPIWithHeaderTestNg" name="main" time="6.418"/>
  <system-out/>
</testsuite> <!-- restAssuredDemo.FirstRestAssuredAPIWithHeaderTestNg -->
